<?xml version="1.0" encoding="UTF-8"?>
<!-- Generated by org.testng.reporters.JUnitXMLReporter -->
<testsuite hostname="MCS-PC" ignored="0" name="Test" tests="1" failures="0" timestamp="27 Apr 2020 06:56:49 GMT" time="0.086" errors="0">
  <testcase name="@BeforeTest beforeTest" time="0.0" classname="Yahoo.Login">
    <failure type="java.lang.NullPointerException">
      <![CDATA[java.lang.NullPointerException
	at Yahoo.Login.beforeTest(Login.java:33)
... Removed 23 stack frames]]>
    </failure>
  </testcase> <!-- @BeforeTest beforeTest -->
  <testcase name="@AfterTest afterTest" time="0.0" classname="Yahoo.Login">
    <skipped/>
  </testcase> <!-- @AfterTest afterTest -->
  <testcase name="f" time="0.002" classname="Yahoo.Login">
    <skipped/>
  </testcase> <!-- f -->
</testsuite> <!-- Test -->
